[INFO]:  Input subsystem initialized.
[INFO]:  Application created: SH (1280x720)
[FATAL]: A test message: 3.14
[ERROR]: A test message: 3.14
[WARN]:  A test message: 3.14
[INFO]:  A test message: 3.14
[DEBUG]: A test message: 3.14
[TRACE]: A test message: 3.14
[DEBUG]: Required extensions:
[DEBUG]: VK_KHR_surface
[DEBUG]: VK_KHR_xcb_surface
[DEBUG]: VK_EXT_debug_utils
[INFO]:  Validation layers enabled. Enumerating...
[INFO]:  Searching for layer: VK_LAYER_KHRONOS_validation...
[INFO]:  Found.
[INFO]:  All required validation layers are present.
[INFO]:  Vulkan Instance created.
[DEBUG]: Creating Vulkan debugger...
[DEBUG]: Vulkan debugger created.
[DEBUG]: Creating Vulkan surface...
[DEBUG]: Vulkan surface created.
[INFO]:  linux_read_sorted_physical_devices:
[INFO]:       Original order:
[INFO]:             [0] NVIDIA GeForce RTX 3060
[INFO]:             [1] llvmpipe (LLVM 20.1.2, 256 bits)
[INFO]:       Sorted order:
[INFO]:             [0] NVIDIA GeForce RTX 3060  
[INFO]:             [1] llvmpipe (LLVM 20.1.2, 256 bits)  
[INFO]:  linux_read_sorted_physical_devices:
[INFO]:       Original order:
[INFO]:             [0] NVIDIA GeForce RTX 3060
[INFO]:             [1] llvmpipe (LLVM 20.1.2, 256 bits)
[INFO]:       Sorted order:
[INFO]:             [0] NVIDIA GeForce RTX 3060  
[INFO]:             [1] llvmpipe (LLVM 20.1.2, 256 bits)  
[INFO]:  linux_read_sorted_physical_devices:
[INFO]:       Original order:
[INFO]:             [0] NVIDIA GeForce RTX 3060
[INFO]:             [1] llvmpipe (LLVM 20.1.2, 256 bits)
[INFO]:       Sorted order:
[INFO]:             [0] NVIDIA GeForce RTX 3060  
[INFO]:             [1] llvmpipe (LLVM 20.1.2, 256 bits)  
[INFO]:  linux_read_sorted_physical_devices:
[INFO]:       Original order:
[INFO]:             [0] NVIDIA GeForce RTX 3060
[INFO]:             [1] llvmpipe (LLVM 20.1.2, 256 bits)
[INFO]:       Sorted order:
[INFO]:             [0] NVIDIA GeForce RTX 3060  
[INFO]:             [1] llvmpipe (LLVM 20.1.2, 256 bits)  
[INFO]:  Selected device: 'NVIDIA GeForce RTX 3060'.
[INFO]:  GPU type is Discrete.
[INFO]:  Physical device selected.
[INFO]:  Creating logical device...
[INFO]:  Inserted device layer "VK_LAYER_KHRONOS_validation" (libVkLayer_khronos_validation.so)
[INFO]:  Failed to find vkGetDeviceProcAddr in layer "libVkLayer_MESA_device_select.so"
[INFO]:  vkCreateDevice layer callstack setup to:
[INFO]:     <Application>
[INFO]:       ||
[INFO]:     <Loader>
[INFO]:       ||
[INFO]:     VK_LAYER_KHRONOS_validation
[INFO]:             Type: Explicit
[INFO]:             Manifest: /usr/share/vulkan/explicit_layer.d/VkLayer_khronos_validation.json
[INFO]:             Library:  libVkLayer_khronos_validation.so
[INFO]:       ||
[INFO]:     <Device>
[INFO]:         Using "NVIDIA GeForce RTX 3060" with driver: "libGLX_nvidia.so.0"
[INFO]:  Logical device created.
[INFO]:  Graphics command pool created.
[INFO]:  Queues obtained.
[INFO]:  Vulkan renderer initialized successfully.
[INFO]:  Swapchain created successfully.
[DEBUG]: Vulkan command buffers created.
[DEBUG]: Compute pipeline created!
[DEBUG]: Compute pipeline created!
[DEBUG]: Compute pipeline created!
[DEBUG]: Graphics pipeline created!
[TRACE]: Texture 'orange_lines_512' loaded, reference count now 1.
[TRACE]: Material 'test_ui_material' loaded, reference count now 1.
[DEBUG]: Graphics pipeline created!
[TRACE]: Material 'default_text_material' loaded, reference count now 1.
[DEBUG]: Graphics pipeline created!
[INFO]:  Vulkan renderer initialized successfully.
[DEBUG]: SHGame::initialize() called!
[TRACE]: Texture 'Poliigon_ConcreteWallCladding_7856_BaseColor' loaded, reference count now 1.
[TRACE]: Material 'qt_colour_5e5c64ff_ts060_Poliigon_ConcreteWallCladding_7856_BaseColor' loaded, reference count now 1.
[TRACE]: Geometry 'scene1/layer0/layer0_primitive' registered.
[TRACE]: Geometry 'scene1/layer1/layer1_primitive' registered.
[TRACE]: Texture 'white' loaded, reference count now 1.
[TRACE]: Material 'qt_colour_dedddaff_ts060_white' loaded, reference count now 1.
[TRACE]: Geometry 'scene1/layer2/layer2_primitive' registered.
[TRACE]: Material 'qt_colour_c0bfbcff_white' loaded, reference count now 1.
[TRACE]: Geometry 'scene1/layer4/layer4_primitive' registered.
[TRACE]: Texture 'floor' loaded, reference count now 1.
[TRACE]: Material 'qt_colour_ffffffff_ts090_floor' loaded, reference count now 1.
[TRACE]: Geometry 'scene1/layer5/layer5_primitive' registered.
[TRACE]: Geometry 'scene1/layer6/layer6_primitive' registered.
[TRACE]: Material 'qt_colour_5e5c64ff_white' loaded, reference count now 1.
[TRACE]: Geometry 'scene1/layer7/layer7_primitive' registered.
[TRACE]: Geometry 'scene1/layer9/layer9_primitive' registered.
[TRACE]: Geometry 'scene1/layer11/layer11_primitive' registered.
[TRACE]: Geometry 'scene1/layer12/layer12_primitive' registered.
[TRACE]: Texture 'woodpanel' loaded, reference count now 1.
[TRACE]: Material 'qt_colour_77767bff_woodpanel' loaded, reference count now 1.
[TRACE]: Geometry 'scene1/layer13/layer13_primitive' registered.
[TRACE]: Material 'qt_colour_9a9996ff_woodpanel' loaded, reference count now 1.
[TRACE]: Geometry 'scene1/layer14/layer14_primitive' registered.
[TRACE]: Material 'qt_colour_ffffffff_white' loaded, reference count now 1.
[TRACE]: Geometry 'scene2/layer0/layer0_primitive' registered.
[TRACE]: Geometry 'scene2/layer1/layer1_primitive' registered.
[TRACE]: Geometry 'scene2/layer2/layer2_primitive' registered.
[TRACE]: Geometry 'scene2/layer3/layer3_primitive' registered.
[TRACE]: Geometry 'scene2/layer4/layer4_primitive' registered.
[TRACE]: Geometry 'scene2/layer5/layer5_primitive' registered.
[TRACE]: Geometry 'scene2/layer6/layer6_primitive' registered.
[TRACE]: Geometry 'scene2/layer7/layer7_primitive' registered.
[TRACE]: Geometry 'scene2/layer8/layer8_primitive' registered.
[TRACE]: Geometry 'scene2/layer9/layer9_primitive' registered.
[TRACE]: Geometry 'scene2/layer10/layer10_primitive' registered.
[TRACE]: Geometry 'scene2/layer11/layer11_primitive' registered.
[TRACE]: Geometry 'scene2/layer14/layer14_primitive' registered.
[TRACE]: Geometry 'scene2/layer15/layer15_primitive' registered.
[TRACE]: Geometry 'scene2/layer16/layer16_primitive' registered.
[TRACE]: Geometry 'scene2/layer18/layer18_primitive' registered.
[TRACE]: Geometry 'scene2/layer19/layer19_primitive' registered.
[TRACE]: Texture 'scar_texture_diffuse' loaded, reference count now 1.
[TRACE]: Material 'qt_colour_ffffffff_scar_texture_diffuse' loaded, reference count now 1.
[TRACE]: Geometry 'scene2/layer20/layer20_primitive' registered.
[TRACE]: Geometry 'scene2/layer22/layer22_primitive' registered.
[TRACE]: Geometry 'scene2/layer26/layer26_primitive' registered.
[TRACE]: Geometry 'scene2/layer27/layer27_primitive' registered.
[TRACE]: Geometry 'scene2/layer32/layer32_primitive' registered.
[TRACE]: Geometry 'scene2/layer33/layer33_primitive' registered.
[TRACE]: Geometry 'scene2/layer34/layer34_primitive' registered.
[TRACE]: Geometry 'scene2/layer36/layer36_primitive' registered.
[TRACE]: Geometry 'scene2/layer38/layer38_primitive' registered.
[TRACE]: Material 'qt_colour_ffffffff' loaded, reference count now 1.
[TRACE]: Geometry 'scene2/layer39/layer39_primitive' registered.
[TRACE]: Geometry 'scene2/layer41/layer41_primitive' registered.
[TRACE]: Texture '20_severe_maximal_diffuse' loaded, reference count now 1.
[TRACE]: Material 'qt_colour_ffffffff_20_severe_maximal_diffuse' loaded, reference count now 1.
[TRACE]: Geometry 'scene2/layer42/layer42_primitive' registered.
[TRACE]: Geometry 'scene2/layer43/layer43_primitive' registered.
[TRACE]: Geometry 'scene2/layer44/layer44_primitive' registered.
[TRACE]: Geometry 'scene3/layer0/layer0_primitive' registered.
[TRACE]: Material 'qt_colour_3d3846ff_white' loaded, reference count now 1.
[TRACE]: Geometry 'scene3/layer1/layer1_primitive' registered.
[TRACE]: Geometry 'scene3/layer3/layer3_primitive' registered.
[TRACE]: Geometry 'scene3/layer5/layer5_primitive' registered.
[TRACE]: Geometry 'scene3/layer6/layer6_primitive' registered.
[TRACE]: Geometry 'scene3/layer7/layer7_primitive' registered.
[TRACE]: Material 'qt_colour_241f31ff_white' loaded, reference count now 1.
[TRACE]: Geometry 'scene3/layer9/layer9_primitive' registered.
[TRACE]: Geometry 'scene3/layer11/layer11_primitive' registered.
[TRACE]: Light 'scene3/light1' registered.
[TRACE]: Geometry 'scene4/layer0/layer0_primitive' registered.
[TRACE]: Geometry 'scene4/layer1/layer1_primitive' registered.
[TRACE]: Geometry 'scene4/layer3/layer3_primitive' registered.
[TRACE]: Geometry 'scene4/layer5/layer5_primitive' registered.
[TRACE]: Geometry 'scene4/layer6/layer6_primitive' registered.
[TRACE]: Geometry 'scene4/layer7/layer7_primitive' registered.
[TRACE]: Geometry 'scene4/layer9/layer9_primitive' registered.
[TRACE]: Geometry 'scene4/layer11/layer11_primitive' registered.
[TRACE]: Light 'scene4/light1' registered.
[TRACE]: Geometry 'scene5/layer1/layer1_primitive' registered.
[TRACE]: Geometry 'scene5/layer2/layer2_primitive' registered.
[TRACE]: Geometry 'scene5/layer3/layer3_primitive' registered.
[TRACE]: Geometry 'scene5/layer4/layer4_primitive' registered.
[TRACE]: Geometry 'scene5/layer5/layer5_primitive' registered.
[TRACE]: Geometry 'scene5/layer6/layer6_primitive' registered.
[TRACE]: Geometry 'scene5/layer7/layer7_primitive' registered.
[TRACE]: Geometry 'scene5/layer8/layer8_primitive' registered.
[TRACE]: Geometry 'scene5/layer11/layer11_primitive' registered.
[DEBUG]: Resized to 1280x720
[INFO]:  System memory use (tagged):
  UNKNOWN    : 0.00B
  ARRAY      : 0.00B
  LINEAR_ALLC: 0.00B
  DARRAY     : 0.00B
  DICT       : 0.00B
  RING_QUEUE : 0.00B
  BST        : 0.00B
  STRING     : 0.00B
  APPLICATION: 0.00B
  JOB        : 0.00B
  TEXTURE    : 0.00B
  MAT_INST   : 0.00B
  RENDERER   : 64.00B
  GAME       : 192.00B
  TRANSFORM  : 0.00B
  ENTITY     : 0.00B
  ENTITY_NODE: 0.00B
  SCENE      : 0.00B
  SHADER     : 0.00B

[DEBUG]: Window resize: 1854, 1011
[DEBUG]: Resized to 1854x1011
[INFO]:  Vulkan renderer backend->resized: w/h/gen: 1854/1011/1
[INFO]:  Swapchain created successfully.
[DEBUG]: Vulkan command buffers created.
[INFO]:  Resized, booting.
[DEBUG]: 'Q' key pressed in window.
[DEBUG]: 'Q' key released in window.
[DEBUG]: '	' key pressed in window.
[DEBUG]: '	' key released in window.
[DEBUG]: '	' key pressed in window.
[DEBUG]: '	' key released in window.
[DEBUG]: '	' key pressed in window.
[DEBUG]: '	' key released in window.
[DEBUG]: '0' key pressed in window.
[DEBUG]: '0' key released in window.
[DEBUG]: 'Q' key pressed in window.
[DEBUG]: 'S' key pressed in window.
[DEBUG]: 'D' key pressed in window.
[DEBUG]: 'D' key released in window.
[DEBUG]: 'Q' key released in window.
[DEBUG]: 'D' key pressed in window.
[DEBUG]: 'S' key released in window.
[DEBUG]: 'D' key released in window.
[DEBUG]: 'S' key pressed in window.
[DEBUG]: 'S' key released in window.
[DEBUG]: 'Q' key pressed in window.
[DEBUG]: 'Q' key released in window.
[DEBUG]: Explicit - A key pressed!
[DEBUG]: 'S' key pressed in window.
[DEBUG]: 'S' key released in window.
[DEBUG]: 'A' key released in window.
[DEBUG]: 'D' key pressed in window.
[DEBUG]: 'D' key released in window.
[DEBUG]: 'S' key pressed in window.
[DEBUG]: 'S' key released in window.
[DEBUG]: 'D' key pressed in window.
[DEBUG]: 'D' key released in window.
[DEBUG]: 'S' key pressed in window.
[DEBUG]: 'S' key released in window.
[DEBUG]: 'S' key pressed in window.
[DEBUG]: 'S' key released in window.
[DEBUG]: 'W' key pressed in window.
[DEBUG]: 'W' key released in window.
[DEBUG]: 'Q' key pressed in window.
[DEBUG]: 'Q' key released in window.
[DEBUG]: 'E' key pressed in window.
[DEBUG]: 'E' key released in window.
[DEBUG]: Destroying shaders...
[DEBUG]: Destroying Vulkan swapchain...
[DEBUG]: Destroying Vulkan device...
[INFO]:  Destroying command pools...
[INFO]:  Destroying logical device...
[DEBUG]: Destroying Vulkan surface...
[DEBUG]: Destroying Vulkan debugger...
[DEBUG]: Destroying Vulkan instance...
[INFO]:  Application shutting down.
